INFO : [yuntuTVTest] <2017-09-21 17:03:27>  :创建driver对象成功...
INFO : [yuntuTVTest] <2017-09-21 17:03:27>  :App is launched!....
INFO : [yuntuTVTest] <2017-09-21 17:03:27>  :测试报告路径为：D:\FTP\TestResult\2017-09-21-17-03-27.html
INFO : [yuntuTVTest] <2017-09-21 17:03:42>  :滑动测试开始...
INFO : [yuntuTVTest] <2017-09-21 17:03:42>  :页面对象路径在：C:\Users\Administrator\AndroidStudioProjects\AutoTestYuntuTV\yuntutvtest\src\main\conf\LocaterPaser.xml
INFO : [yuntuTVTest] <2017-09-21 17:03:42>  :Searching for default input file: C:\Users\Administrator\AndroidStudioProjects\AutoTestYuntuTV\yuntutvtest\src\main\conf\LocaterPaser.xml
INFO : [yuntuTVTest] <2017-09-21 17:03:43>  :解析xml文件成功...
INFO : [yuntuTVTest] <2017-09-21 17:03:43>  :你要找的pageName is: HomePage
INFO : [yuntuTVTest] <2017-09-21 17:03:43>  :开始迭代对象库的元素列表....
INFO : [yuntuTVTest] <2017-09-21 17:03:43>  :开始在对象库迭代控件值列表....
INFO : [yuntuTVTest] <2017-09-21 17:03:43>  :控件的描述是：searchButton
INFO : [yuntuTVTest] <2017-09-21 17:03:43>  :----------
INFO : [yuntuTVTest] <2017-09-21 17:03:43>  :开始在对象库迭代控件值列表....
INFO : [yuntuTVTest] <2017-09-21 17:03:43>  :控件的描述是：inputButton
INFO : [yuntuTVTest] <2017-09-21 17:03:43>  :----------
INFO : [yuntuTVTest] <2017-09-21 17:03:43>  :开始在对象库迭代控件值列表....
INFO : [yuntuTVTest] <2017-09-21 17:03:43>  :控件的描述是：cancel_search
INFO : [yuntuTVTest] <2017-09-21 17:03:43>  :----------
INFO : [yuntuTVTest] <2017-09-21 17:03:43>  :开始在对象库迭代控件值列表....
INFO : [yuntuTVTest] <2017-09-21 17:03:43>  :控件的描述是：earse_search
INFO : [yuntuTVTest] <2017-09-21 17:03:43>  :----------
INFO : [yuntuTVTest] <2017-09-21 17:03:43>  :开始在对象库迭代控件值列表....
INFO : [yuntuTVTest] <2017-09-21 17:03:43>  :控件的描述是：search_title_name
INFO : [yuntuTVTest] <2017-09-21 17:03:43>  :----------
INFO : [yuntuTVTest] <2017-09-21 17:03:43>  :开始在对象库迭代控件值列表....
INFO : [yuntuTVTest] <2017-09-21 17:03:43>  :控件的描述是：no_search_result
INFO : [yuntuTVTest] <2017-09-21 17:03:43>  :----------
INFO : [yuntuTVTest] <2017-09-21 17:03:43>  :开始在对象库迭代控件值列表....
INFO : [yuntuTVTest] <2017-09-21 17:03:43>  :控件的描述是：hot_search
INFO : [yuntuTVTest] <2017-09-21 17:03:43>  :----------
INFO : [yuntuTVTest] <2017-09-21 17:03:43>  :开始在对象库迭代控件值列表....
INFO : [yuntuTVTest] <2017-09-21 17:03:43>  :控件的描述是：hotPlay
INFO : [yuntuTVTest] <2017-09-21 17:03:43>  :----------
INFO : [yuntuTVTest] <2017-09-21 17:03:43>  :开始在对象库迭代控件值列表....
INFO : [yuntuTVTest] <2017-09-21 17:03:43>  :控件的描述是：movie
INFO : [yuntuTVTest] <2017-09-21 17:03:43>  :----------
INFO : [yuntuTVTest] <2017-09-21 17:03:43>  :开始在对象库迭代控件值列表....
INFO : [yuntuTVTest] <2017-09-21 17:03:43>  :控件的描述是：CCTV
INFO : [yuntuTVTest] <2017-09-21 17:03:43>  :----------
INFO : [yuntuTVTest] <2017-09-21 17:03:43>  :开始在对象库迭代控件值列表....
INFO : [yuntuTVTest] <2017-09-21 17:03:43>  :控件的描述是：star-TV
INFO : [yuntuTVTest] <2017-09-21 17:03:43>  :----------
INFO : [yuntuTVTest] <2017-09-21 17:03:43>  :开始在对象库迭代控件值列表....
INFO : [yuntuTVTest] <2017-09-21 17:03:43>  :控件的描述是：sportsTV
INFO : [yuntuTVTest] <2017-09-21 17:03:43>  :----------
INFO : [yuntuTVTest] <2017-09-21 17:03:43>  :开始在对象库迭代控件值列表....
INFO : [yuntuTVTest] <2017-09-21 17:03:43>  :控件的描述是：localTV
INFO : [yuntuTVTest] <2017-09-21 17:03:43>  :----------
INFO : [yuntuTVTest] <2017-09-21 17:03:43>  :开始在对象库迭代控件值列表....
INFO : [yuntuTVTest] <2017-09-21 17:03:43>  :控件的描述是：featuredChannel
INFO : [yuntuTVTest] <2017-09-21 17:03:43>  :----------
INFO : [yuntuTVTest] <2017-09-21 17:03:43>  :开始在对象库迭代控件值列表....
INFO : [yuntuTVTest] <2017-09-21 17:03:43>  :控件的描述是：allTVButton
INFO : [yuntuTVTest] <2017-09-21 17:03:43>  :----------
INFO : [yuntuTVTest] <2017-09-21 17:03:43>  :开始在对象库迭代控件值列表....
INFO : [yuntuTVTest] <2017-09-21 17:03:43>  :控件的描述是：skyButton
INFO : [yuntuTVTest] <2017-09-21 17:03:43>  :----------
INFO : [yuntuTVTest] <2017-09-21 17:03:43>  :开始在对象库迭代控件值列表....
INFO : [yuntuTVTest] <2017-09-21 17:03:43>  :控件的描述是：mineButton
INFO : [yuntuTVTest] <2017-09-21 17:03:43>  :----------
INFO : [yuntuTVTest] <2017-09-21 17:03:43>  :开始在对象库迭代控件值列表....
INFO : [yuntuTVTest] <2017-09-21 17:03:43>  :控件的描述是：ad_closeButton
INFO : [yuntuTVTest] <2017-09-21 17:03:43>  :----------
INFO : [yuntuTVTest] <2017-09-21 17:03:43>  :开始在对象库迭代控件值列表....
INFO : [yuntuTVTest] <2017-09-21 17:03:43>  :控件的描述是：ad_openButton
INFO : [yuntuTVTest] <2017-09-21 17:03:43>  :----------
INFO : [yuntuTVTest] <2017-09-21 17:03:43>  :开始在对象库迭代控件值列表....
INFO : [yuntuTVTest] <2017-09-21 17:03:43>  :控件的描述是：bottom_more_text
INFO : [yuntuTVTest] <2017-09-21 17:03:43>  :----------
INFO : [yuntuTVTest] <2017-09-21 17:03:43>  :开始在对象库迭代控件值列表....
INFO : [yuntuTVTest] <2017-09-21 17:03:43>  :控件的描述是：bottom_exit
INFO : [yuntuTVTest] <2017-09-21 17:03:43>  :----------
INFO : [yuntuTVTest] <2017-09-21 17:03:43>  :开始在对象库迭代控件值列表....
INFO : [yuntuTVTest] <2017-09-21 17:03:43>  :控件的描述是：bottom_notexit
INFO : [yuntuTVTest] <2017-09-21 17:03:43>  :----------
INFO : [yuntuTVTest] <2017-09-21 17:03:43>  :迭代对象库完成...
INFO : [yuntuTVTest] <2017-09-21 17:03:45>  :开始在HashMap查找页面元素...
INFO : [yuntuTVTest] <2017-09-21 17:03:45>  :key= searchButton value= org.fungo.fungolive:id/et_search
INFO : [yuntuTVTest] <2017-09-21 17:03:45>  :开始在HashMap查找页面元素...
INFO : [yuntuTVTest] <2017-09-21 17:03:45>  :key= cancel_search value= org.fungo.fungolive:id/cancel_search
INFO : [yuntuTVTest] <2017-09-21 17:03:45>  :开始在HashMap查找页面元素...
INFO : [yuntuTVTest] <2017-09-21 17:03:45>  :key= movie value= 影视
INFO : [yuntuTVTest] <2017-09-21 17:03:45>  :开始在HashMap查找页面元素...
INFO : [yuntuTVTest] <2017-09-21 17:03:45>  :key= ad_openButton value= org.fungo.fungolive:id/tv_ad_single_content
INFO : [yuntuTVTest] <2017-09-21 17:03:45>  :开始在HashMap查找页面元素...
INFO : [yuntuTVTest] <2017-09-21 17:03:45>  :key= sportsTV value= 体育
INFO : [yuntuTVTest] <2017-09-21 17:03:45>  :开始在HashMap查找页面元素...
INFO : [yuntuTVTest] <2017-09-21 17:03:45>  :key= localTV value= 地方
INFO : [yuntuTVTest] <2017-09-21 17:03:45>  :开始在HashMap查找页面元素...
INFO : [yuntuTVTest] <2017-09-21 17:03:45>  :key= skyButton value= //android.widget.TextView[contains(@text,'天空之城')]
INFO : [yuntuTVTest] <2017-09-21 17:03:45>  :开始在HashMap查找页面元素...
INFO : [yuntuTVTest] <2017-09-21 17:03:45>  :key= search_title_name value= org.fungo.fungolive:id/search_title_name
INFO : [yuntuTVTest] <2017-09-21 17:03:45>  :开始在HashMap查找页面元素...
INFO : [yuntuTVTest] <2017-09-21 17:03:45>  :key= no_search_result value= android.widget.TextView
INFO : [yuntuTVTest] <2017-09-21 17:03:45>  :开始在HashMap查找页面元素...
INFO : [yuntuTVTest] <2017-09-21 17:03:45>  :key= earse_search value= org.fungo.fungolive:id/earse_search
INFO : [yuntuTVTest] <2017-09-21 17:03:45>  :开始在HashMap查找页面元素...
INFO : [yuntuTVTest] <2017-09-21 17:03:45>  :key= hot_search value= org.fungo.fungolive:id/search_word
INFO : [yuntuTVTest] <2017-09-21 17:03:45>  :开始在HashMap查找页面元素...
INFO : [yuntuTVTest] <2017-09-21 17:03:45>  :key= ad_closeButton value= org.fungo.fungolive:id/iv_ad_close
INFO : [yuntuTVTest] <2017-09-21 17:03:45>  :找到所需要的key，并返回该key的button类型和value...
INFO : [yuntuTVTest] <2017-09-21 17:03:50>  :在当前页面找到元素：By.id: org.fungo.fungolive:id/iv_ad_close
INFO : [yuntuTVTest] <2017-09-21 17:03:50>  :需要找的元素存在，返回True...
INFO : [yuntuTVTest] <2017-09-21 17:03:50>  :有广告弹窗，关闭广告...
INFO : [yuntuTVTest] <2017-09-21 17:03:50>  :开始在HashMap查找页面元素...
INFO : [yuntuTVTest] <2017-09-21 17:03:50>  :key= searchButton value= org.fungo.fungolive:id/et_search
INFO : [yuntuTVTest] <2017-09-21 17:03:50>  :开始在HashMap查找页面元素...
INFO : [yuntuTVTest] <2017-09-21 17:03:50>  :key= cancel_search value= org.fungo.fungolive:id/cancel_search
INFO : [yuntuTVTest] <2017-09-21 17:03:50>  :开始在HashMap查找页面元素...
INFO : [yuntuTVTest] <2017-09-21 17:03:50>  :key= movie value= 影视
INFO : [yuntuTVTest] <2017-09-21 17:03:50>  :开始在HashMap查找页面元素...
INFO : [yuntuTVTest] <2017-09-21 17:03:50>  :key= ad_openButton value= org.fungo.fungolive:id/tv_ad_single_content
INFO : [yuntuTVTest] <2017-09-21 17:03:50>  :开始在HashMap查找页面元素...
INFO : [yuntuTVTest] <2017-09-21 17:03:50>  :key= sportsTV value= 体育
INFO : [yuntuTVTest] <2017-09-21 17:03:50>  :开始在HashMap查找页面元素...
INFO : [yuntuTVTest] <2017-09-21 17:03:50>  :key= localTV value= 地方
INFO : [yuntuTVTest] <2017-09-21 17:03:50>  :开始在HashMap查找页面元素...
INFO : [yuntuTVTest] <2017-09-21 17:03:50>  :key= skyButton value= //android.widget.TextView[contains(@text,'天空之城')]
INFO : [yuntuTVTest] <2017-09-21 17:03:50>  :开始在HashMap查找页面元素...
INFO : [yuntuTVTest] <2017-09-21 17:03:50>  :key= search_title_name value= org.fungo.fungolive:id/search_title_name
INFO : [yuntuTVTest] <2017-09-21 17:03:50>  :开始在HashMap查找页面元素...
INFO : [yuntuTVTest] <2017-09-21 17:03:50>  :key= no_search_result value= android.widget.TextView
INFO : [yuntuTVTest] <2017-09-21 17:03:50>  :开始在HashMap查找页面元素...
INFO : [yuntuTVTest] <2017-09-21 17:03:50>  :key= earse_search value= org.fungo.fungolive:id/earse_search
INFO : [yuntuTVTest] <2017-09-21 17:03:50>  :开始在HashMap查找页面元素...
INFO : [yuntuTVTest] <2017-09-21 17:03:50>  :key= hot_search value= org.fungo.fungolive:id/search_word
INFO : [yuntuTVTest] <2017-09-21 17:03:50>  :开始在HashMap查找页面元素...
INFO : [yuntuTVTest] <2017-09-21 17:03:50>  :key= ad_closeButton value= org.fungo.fungolive:id/iv_ad_close
INFO : [yuntuTVTest] <2017-09-21 17:03:50>  :找到所需要的key，并返回该key的button类型和value...
INFO : [yuntuTVTest] <2017-09-21 17:03:51>  :在当前页面找到元素：By.id: org.fungo.fungolive:id/iv_ad_close
INFO : [yuntuTVTest] <2017-09-21 17:03:51>  :开始向上滑动...
INFO : [yuntuTVTest] <2017-09-21 17:03:55>  :滑动成功...
INFO : [yuntuTVTest] <2017-09-21 17:03:58>  :开始向上滑动...
INFO : [yuntuTVTest] <2017-09-21 17:04:01>  :滑动成功...
INFO : [yuntuTVTest] <2017-09-21 17:04:04>  :开始向上滑动...
INFO : [yuntuTVTest] <2017-09-21 17:04:09>  :滑动成功...
INFO : [yuntuTVTest] <2017-09-21 17:04:12>  :页面对象路径在：C:\Users\Administrator\AndroidStudioProjects\AutoTestYuntuTV\yuntutvtest\src\main\conf\LocaterPaser.xml
INFO : [yuntuTVTest] <2017-09-21 17:04:12>  :Searching for default input file: C:\Users\Administrator\AndroidStudioProjects\AutoTestYuntuTV\yuntutvtest\src\main\conf\LocaterPaser.xml
INFO : [yuntuTVTest] <2017-09-21 17:04:12>  :解析xml文件成功...
INFO : [yuntuTVTest] <2017-09-21 17:04:12>  :你要找的pageName is: HomePage
INFO : [yuntuTVTest] <2017-09-21 17:04:12>  :开始迭代对象库的元素列表....
INFO : [yuntuTVTest] <2017-09-21 17:04:12>  :开始在对象库迭代控件值列表....
INFO : [yuntuTVTest] <2017-09-21 17:04:12>  :控件的描述是：searchButton
INFO : [yuntuTVTest] <2017-09-21 17:04:12>  :----------
INFO : [yuntuTVTest] <2017-09-21 17:04:12>  :开始在对象库迭代控件值列表....
INFO : [yuntuTVTest] <2017-09-21 17:04:12>  :控件的描述是：inputButton
INFO : [yuntuTVTest] <2017-09-21 17:04:12>  :----------
INFO : [yuntuTVTest] <2017-09-21 17:04:12>  :开始在对象库迭代控件值列表....
INFO : [yuntuTVTest] <2017-09-21 17:04:12>  :控件的描述是：cancel_search
INFO : [yuntuTVTest] <2017-09-21 17:04:12>  :----------
INFO : [yuntuTVTest] <2017-09-21 17:04:12>  :开始在对象库迭代控件值列表....
INFO : [yuntuTVTest] <2017-09-21 17:04:12>  :控件的描述是：earse_search
INFO : [yuntuTVTest] <2017-09-21 17:04:12>  :----------
INFO : [yuntuTVTest] <2017-09-21 17:04:12>  :开始在对象库迭代控件值列表....
INFO : [yuntuTVTest] <2017-09-21 17:04:12>  :控件的描述是：search_title_name
INFO : [yuntuTVTest] <2017-09-21 17:04:12>  :----------
INFO : [yuntuTVTest] <2017-09-21 17:04:12>  :开始在对象库迭代控件值列表....
INFO : [yuntuTVTest] <2017-09-21 17:04:12>  :控件的描述是：no_search_result
INFO : [yuntuTVTest] <2017-09-21 17:04:12>  :----------
INFO : [yuntuTVTest] <2017-09-21 17:04:12>  :开始在对象库迭代控件值列表....
INFO : [yuntuTVTest] <2017-09-21 17:04:12>  :控件的描述是：hot_search
INFO : [yuntuTVTest] <2017-09-21 17:04:12>  :----------
INFO : [yuntuTVTest] <2017-09-21 17:04:12>  :开始在对象库迭代控件值列表....
INFO : [yuntuTVTest] <2017-09-21 17:04:12>  :控件的描述是：hotPlay
INFO : [yuntuTVTest] <2017-09-21 17:04:12>  :----------
INFO : [yuntuTVTest] <2017-09-21 17:04:12>  :开始在对象库迭代控件值列表....
INFO : [yuntuTVTest] <2017-09-21 17:04:12>  :控件的描述是：movie
INFO : [yuntuTVTest] <2017-09-21 17:04:12>  :----------
INFO : [yuntuTVTest] <2017-09-21 17:04:12>  :开始在对象库迭代控件值列表....
INFO : [yuntuTVTest] <2017-09-21 17:04:12>  :控件的描述是：CCTV
INFO : [yuntuTVTest] <2017-09-21 17:04:12>  :----------
INFO : [yuntuTVTest] <2017-09-21 17:04:12>  :开始在对象库迭代控件值列表....
INFO : [yuntuTVTest] <2017-09-21 17:04:12>  :控件的描述是：star-TV
INFO : [yuntuTVTest] <2017-09-21 17:04:12>  :----------
INFO : [yuntuTVTest] <2017-09-21 17:04:12>  :开始在对象库迭代控件值列表....
INFO : [yuntuTVTest] <2017-09-21 17:04:12>  :控件的描述是：sportsTV
INFO : [yuntuTVTest] <2017-09-21 17:04:12>  :----------
INFO : [yuntuTVTest] <2017-09-21 17:04:12>  :开始在对象库迭代控件值列表....
INFO : [yuntuTVTest] <2017-09-21 17:04:12>  :控件的描述是：localTV
INFO : [yuntuTVTest] <2017-09-21 17:04:12>  :----------
INFO : [yuntuTVTest] <2017-09-21 17:04:12>  :开始在对象库迭代控件值列表....
INFO : [yuntuTVTest] <2017-09-21 17:04:12>  :控件的描述是：featuredChannel
INFO : [yuntuTVTest] <2017-09-21 17:04:12>  :----------
INFO : [yuntuTVTest] <2017-09-21 17:04:12>  :开始在对象库迭代控件值列表....
INFO : [yuntuTVTest] <2017-09-21 17:04:12>  :控件的描述是：allTVButton
INFO : [yuntuTVTest] <2017-09-21 17:04:12>  :----------
INFO : [yuntuTVTest] <2017-09-21 17:04:12>  :开始在对象库迭代控件值列表....
INFO : [yuntuTVTest] <2017-09-21 17:04:12>  :控件的描述是：skyButton
INFO : [yuntuTVTest] <2017-09-21 17:04:12>  :----------
INFO : [yuntuTVTest] <2017-09-21 17:04:12>  :开始在对象库迭代控件值列表....
INFO : [yuntuTVTest] <2017-09-21 17:04:12>  :控件的描述是：mineButton
INFO : [yuntuTVTest] <2017-09-21 17:04:12>  :----------
INFO : [yuntuTVTest] <2017-09-21 17:04:12>  :开始在对象库迭代控件值列表....
INFO : [yuntuTVTest] <2017-09-21 17:04:12>  :控件的描述是：ad_closeButton
INFO : [yuntuTVTest] <2017-09-21 17:04:12>  :----------
INFO : [yuntuTVTest] <2017-09-21 17:04:12>  :开始在对象库迭代控件值列表....
INFO : [yuntuTVTest] <2017-09-21 17:04:12>  :控件的描述是：ad_openButton
INFO : [yuntuTVTest] <2017-09-21 17:04:12>  :----------
INFO : [yuntuTVTest] <2017-09-21 17:04:12>  :开始在对象库迭代控件值列表....
INFO : [yuntuTVTest] <2017-09-21 17:04:12>  :控件的描述是：bottom_more_text
INFO : [yuntuTVTest] <2017-09-21 17:04:12>  :----------
INFO : [yuntuTVTest] <2017-09-21 17:04:12>  :开始在对象库迭代控件值列表....
INFO : [yuntuTVTest] <2017-09-21 17:04:12>  :控件的描述是：bottom_exit
INFO : [yuntuTVTest] <2017-09-21 17:04:12>  :----------
INFO : [yuntuTVTest] <2017-09-21 17:04:12>  :开始在对象库迭代控件值列表....
INFO : [yuntuTVTest] <2017-09-21 17:04:12>  :控件的描述是：bottom_notexit
INFO : [yuntuTVTest] <2017-09-21 17:04:12>  :----------
INFO : [yuntuTVTest] <2017-09-21 17:04:12>  :迭代对象库完成...
INFO : [yuntuTVTest] <2017-09-21 17:04:12>  :页面对象路径在：C:\Users\Administrator\AndroidStudioProjects\AutoTestYuntuTV\yuntutvtest\src\main\conf\LocaterPaser.xml
INFO : [yuntuTVTest] <2017-09-21 17:04:12>  :Searching for default input file: C:\Users\Administrator\AndroidStudioProjects\AutoTestYuntuTV\yuntutvtest\src\main\conf\LocaterPaser.xml
INFO : [yuntuTVTest] <2017-09-21 17:04:12>  :解析xml文件成功...
INFO : [yuntuTVTest] <2017-09-21 17:04:12>  :你要找的pageName is: playPage
INFO : [yuntuTVTest] <2017-09-21 17:04:12>  :开始迭代对象库的元素列表....
INFO : [yuntuTVTest] <2017-09-21 17:04:12>  :开始在对象库迭代控件值列表....
INFO : [yuntuTVTest] <2017-09-21 17:04:12>  :控件的描述是：share_icon
INFO : [yuntuTVTest] <2017-09-21 17:04:12>  :----------
INFO : [yuntuTVTest] <2017-09-21 17:04:12>  :开始在对象库迭代控件值列表....
INFO : [yuntuTVTest] <2017-09-21 17:04:12>  :控件的描述是：change_ori
INFO : [yuntuTVTest] <2017-09-21 17:04:12>  :----------
INFO : [yuntuTVTest] <2017-09-21 17:04:12>  :开始在对象库迭代控件值列表....
INFO : [yuntuTVTest] <2017-09-21 17:04:12>  :控件的描述是：exit_button
INFO : [yuntuTVTest] <2017-09-21 17:04:12>  :----------
INFO : [yuntuTVTest] <2017-09-21 17:04:12>  :开始在对象库迭代控件值列表....
INFO : [yuntuTVTest] <2017-09-21 17:04:12>  :控件的描述是：vertical_fav
INFO : [yuntuTVTest] <2017-09-21 17:04:12>  :----------
INFO : [yuntuTVTest] <2017-09-21 17:04:12>  :开始在对象库迭代控件值列表....
INFO : [yuntuTVTest] <2017-09-21 17:04:12>  :控件的描述是：vertical_sourcel
INFO : [yuntuTVTest] <2017-09-21 17:04:12>  :----------
INFO : [yuntuTVTest] <2017-09-21 17:04:12>  :开始在对象库迭代控件值列表....
INFO : [yuntuTVTest] <2017-09-21 17:04:12>  :控件的描述是：buffer_percent
INFO : [yuntuTVTest] <2017-09-21 17:04:12>  :----------
INFO : [yuntuTVTest] <2017-09-21 17:04:12>  :开始在对象库迭代控件值列表....
INFO : [yuntuTVTest] <2017-09-21 17:04:12>  :控件的描述是：video_view
INFO : [yuntuTVTest] <2017-09-21 17:04:12>  :----------
INFO : [yuntuTVTest] <2017-09-21 17:04:12>  :开始在对象库迭代控件值列表....
INFO : [yuntuTVTest] <2017-09-21 17:04:12>  :控件的描述是：give_comment
INFO : [yuntuTVTest] <2017-09-21 17:04:12>  :----------
INFO : [yuntuTVTest] <2017-09-21 17:04:12>  :开始在对象库迭代控件值列表....
INFO : [yuntuTVTest] <2017-09-21 17:04:12>  :控件的描述是：send_button
INFO : [yuntuTVTest] <2017-09-21 17:04:12>  :----------
INFO : [yuntuTVTest] <2017-09-21 17:04:12>  :开始在对象库迭代控件值列表....
INFO : [yuntuTVTest] <2017-09-21 17:04:12>  :控件的描述是：user_name
INFO : [yuntuTVTest] <2017-09-21 17:04:12>  :----------
INFO : [yuntuTVTest] <2017-09-21 17:04:12>  :开始在对象库迭代控件值列表....
INFO : [yuntuTVTest] <2017-09-21 17:04:12>  :控件的描述是：send_button
INFO : [yuntuTVTest] <2017-09-21 17:04:12>  :----------
INFO : [yuntuTVTest] <2017-09-21 17:04:12>  :开始在对象库迭代控件值列表....
INFO : [yuntuTVTest] <2017-09-21 17:04:12>  :控件的描述是：comment
INFO : [yuntuTVTest] <2017-09-21 17:04:12>  :----------
INFO : [yuntuTVTest] <2017-09-21 17:04:12>  :开始在对象库迭代控件值列表....
INFO : [yuntuTVTest] <2017-09-21 17:04:12>  :控件的描述是：Daily_anchor
INFO : [yuntuTVTest] <2017-09-21 17:04:12>  :----------
INFO : [yuntuTVTest] <2017-09-21 17:04:12>  :开始在对象库迭代控件值列表....
INFO : [yuntuTVTest] <2017-09-21 17:04:12>  :控件的描述是：Look_back
INFO : [yuntuTVTest] <2017-09-21 17:04:12>  :----------
INFO : [yuntuTVTest] <2017-09-21 17:04:12>  :迭代对象库完成...
INFO : [yuntuTVTest] <2017-09-21 17:04:17>  :搜索测试开始...
INFO : [yuntuTVTest] <2017-09-21 17:04:22>  :开始在HashMap查找页面元素...
INFO : [yuntuTVTest] <2017-09-21 17:04:22>  :key= searchButton value= org.fungo.fungolive:id/et_search
INFO : [yuntuTVTest] <2017-09-21 17:04:22>  :找到所需要的key，并返回该key的button类型和value...
INFO : [yuntuTVTest] <2017-09-21 17:04:22>  :在当前页面找到元素：By.id: org.fungo.fungolive:id/et_search
INFO : [yuntuTVTest] <2017-09-21 17:04:22>  :开始在HashMap查找页面元素...
INFO : [yuntuTVTest] <2017-09-21 17:04:22>  :key= searchButton value= org.fungo.fungolive:id/et_search
INFO : [yuntuTVTest] <2017-09-21 17:04:22>  :开始在HashMap查找页面元素...
INFO : [yuntuTVTest] <2017-09-21 17:04:22>  :key= cancel_search value= org.fungo.fungolive:id/cancel_search
INFO : [yuntuTVTest] <2017-09-21 17:04:22>  :开始在HashMap查找页面元素...
INFO : [yuntuTVTest] <2017-09-21 17:04:22>  :key= movie value= 影视
INFO : [yuntuTVTest] <2017-09-21 17:04:22>  :开始在HashMap查找页面元素...
INFO : [yuntuTVTest] <2017-09-21 17:04:22>  :key= ad_openButton value= org.fungo.fungolive:id/tv_ad_single_content
INFO : [yuntuTVTest] <2017-09-21 17:04:22>  :开始在HashMap查找页面元素...
INFO : [yuntuTVTest] <2017-09-21 17:04:22>  :key= sportsTV value= 体育
INFO : [yuntuTVTest] <2017-09-21 17:04:22>  :开始在HashMap查找页面元素...
INFO : [yuntuTVTest] <2017-09-21 17:04:22>  :key= localTV value= 地方
INFO : [yuntuTVTest] <2017-09-21 17:04:22>  :开始在HashMap查找页面元素...
INFO : [yuntuTVTest] <2017-09-21 17:04:22>  :key= skyButton value= //android.widget.TextView[contains(@text,'天空之城')]
INFO : [yuntuTVTest] <2017-09-21 17:04:22>  :开始在HashMap查找页面元素...
INFO : [yuntuTVTest] <2017-09-21 17:04:22>  :key= search_title_name value= org.fungo.fungolive:id/search_title_name
INFO : [yuntuTVTest] <2017-09-21 17:04:22>  :开始在HashMap查找页面元素...
INFO : [yuntuTVTest] <2017-09-21 17:04:22>  :key= no_search_result value= android.widget.TextView
INFO : [yuntuTVTest] <2017-09-21 17:04:22>  :开始在HashMap查找页面元素...
INFO : [yuntuTVTest] <2017-09-21 17:04:22>  :key= earse_search value= org.fungo.fungolive:id/earse_search
INFO : [yuntuTVTest] <2017-09-21 17:04:22>  :开始在HashMap查找页面元素...
INFO : [yuntuTVTest] <2017-09-21 17:04:22>  :key= hot_search value= org.fungo.fungolive:id/search_word
INFO : [yuntuTVTest] <2017-09-21 17:04:22>  :开始在HashMap查找页面元素...
INFO : [yuntuTVTest] <2017-09-21 17:04:22>  :key= ad_closeButton value= org.fungo.fungolive:id/iv_ad_close
INFO : [yuntuTVTest] <2017-09-21 17:04:22>  :开始在HashMap查找页面元素...
INFO : [yuntuTVTest] <2017-09-21 17:04:22>  :key= featuredChannel value= 特色
INFO : [yuntuTVTest] <2017-09-21 17:04:22>  :开始在HashMap查找页面元素...
INFO : [yuntuTVTest] <2017-09-21 17:04:22>  :key= mineButton value= //android.widget.TextView[contains(@text,'我')]
INFO : [yuntuTVTest] <2017-09-21 17:04:22>  :开始在HashMap查找页面元素...
INFO : [yuntuTVTest] <2017-09-21 17:04:22>  :key= inputButton value= org.fungo.fungolive:id/edittext_search
INFO : [yuntuTVTest] <2017-09-21 17:04:22>  :找到所需要的key，并返回该key的button类型和value...
INFO : [yuntuTVTest] <2017-09-21 17:04:23>  :在当前页面找到元素：By.id: org.fungo.fungolive:id/edittext_search
INFO : [yuntuTVTest] <2017-09-21 17:04:24>  :搜索框有内容，删除原来数据...
INFO : [yuntuTVTest] <2017-09-21 17:04:24>  :搜索框有内容，删除原来数据...
INFO : [yuntuTVTest] <2017-09-21 17:04:24>  :搜索框有内容，删除原来数据...
INFO : [yuntuTVTest] <2017-09-21 17:04:24>  :搜索框有内容，删除原来数据...
INFO : [yuntuTVTest] <2017-09-21 17:04:24>  :搜索框有内容，删除原来数据...
INFO : [yuntuTVTest] <2017-09-21 17:04:24>  :搜索框有内容，删除原来数据...
INFO : [yuntuTVTest] <2017-09-21 17:04:24>  :搜索框有内容，删除原来数据...
INFO : [yuntuTVTest] <2017-09-21 17:04:24>  :搜索框有内容，删除原来数据...
INFO : [yuntuTVTest] <2017-09-21 17:04:33>  :开始在HashMap查找页面元素...
INFO : [yuntuTVTest] <2017-09-21 17:04:33>  :key= searchButton value= org.fungo.fungolive:id/et_search
INFO : [yuntuTVTest] <2017-09-21 17:04:33>  :开始在HashMap查找页面元素...
INFO : [yuntuTVTest] <2017-09-21 17:04:33>  :key= cancel_search value= org.fungo.fungolive:id/cancel_search
INFO : [yuntuTVTest] <2017-09-21 17:04:33>  :开始在HashMap查找页面元素...
INFO : [yuntuTVTest] <2017-09-21 17:04:33>  :key= movie value= 影视
INFO : [yuntuTVTest] <2017-09-21 17:04:33>  :开始在HashMap查找页面元素...
INFO : [yuntuTVTest] <2017-09-21 17:04:33>  :key= ad_openButton value= org.fungo.fungolive:id/tv_ad_single_content
INFO : [yuntuTVTest] <2017-09-21 17:04:33>  :开始在HashMap查找页面元素...
INFO : [yuntuTVTest] <2017-09-21 17:04:33>  :key= sportsTV value= 体育
INFO : [yuntuTVTest] <2017-09-21 17:04:33>  :开始在HashMap查找页面元素...
INFO : [yuntuTVTest] <2017-09-21 17:04:33>  :key= localTV value= 地方
INFO : [yuntuTVTest] <2017-09-21 17:04:33>  :开始在HashMap查找页面元素...
INFO : [yuntuTVTest] <2017-09-21 17:04:33>  :key= skyButton value= //android.widget.TextView[contains(@text,'天空之城')]
INFO : [yuntuTVTest] <2017-09-21 17:04:33>  :开始在HashMap查找页面元素...
INFO : [yuntuTVTest] <2017-09-21 17:04:33>  :key= search_title_name value= org.fungo.fungolive:id/search_title_name
INFO : [yuntuTVTest] <2017-09-21 17:04:33>  :找到所需要的key，并返回该key的button类型和value...
INFO : [yuntuTVTest] <2017-09-21 17:04:39>  :搜索历史测试开始...
INFO : [yuntuTVTest] <2017-09-21 17:04:44>  :开始在HashMap查找页面元素...
INFO : [yuntuTVTest] <2017-09-21 17:04:44>  :key= searchButton value= org.fungo.fungolive:id/et_search
INFO : [yuntuTVTest] <2017-09-21 17:04:44>  :开始在HashMap查找页面元素...
INFO : [yuntuTVTest] <2017-09-21 17:04:44>  :key= cancel_search value= org.fungo.fungolive:id/cancel_search
INFO : [yuntuTVTest] <2017-09-21 17:04:44>  :开始在HashMap查找页面元素...
INFO : [yuntuTVTest] <2017-09-21 17:04:44>  :key= movie value= 影视
INFO : [yuntuTVTest] <2017-09-21 17:04:44>  :开始在HashMap查找页面元素...
INFO : [yuntuTVTest] <2017-09-21 17:04:44>  :key= ad_openButton value= org.fungo.fungolive:id/tv_ad_single_content
INFO : [yuntuTVTest] <2017-09-21 17:04:44>  :开始在HashMap查找页面元素...
INFO : [yuntuTVTest] <2017-09-21 17:04:44>  :key= sportsTV value= 体育
INFO : [yuntuTVTest] <2017-09-21 17:04:44>  :开始在HashMap查找页面元素...
INFO : [yuntuTVTest] <2017-09-21 17:04:44>  :key= localTV value= 地方
INFO : [yuntuTVTest] <2017-09-21 17:04:44>  :开始在HashMap查找页面元素...
INFO : [yuntuTVTest] <2017-09-21 17:04:44>  :key= skyButton value= //android.widget.TextView[contains(@text,'天空之城')]
INFO : [yuntuTVTest] <2017-09-21 17:04:44>  :开始在HashMap查找页面元素...
INFO : [yuntuTVTest] <2017-09-21 17:04:44>  :key= search_title_name value= org.fungo.fungolive:id/search_title_name
INFO : [yuntuTVTest] <2017-09-21 17:04:44>  :开始在HashMap查找页面元素...
INFO : [yuntuTVTest] <2017-09-21 17:04:44>  :key= no_search_result value= android.widget.TextView
INFO : [yuntuTVTest] <2017-09-21 17:04:44>  :开始在HashMap查找页面元素...
INFO : [yuntuTVTest] <2017-09-21 17:04:44>  :key= earse_search value= org.fungo.fungolive:id/earse_search
INFO : [yuntuTVTest] <2017-09-21 17:04:44>  :开始在HashMap查找页面元素...
INFO : [yuntuTVTest] <2017-09-21 17:04:44>  :key= hot_search value= org.fungo.fungolive:id/search_word
INFO : [yuntuTVTest] <2017-09-21 17:04:44>  :开始在HashMap查找页面元素...
INFO : [yuntuTVTest] <2017-09-21 17:04:44>  :key= ad_closeButton value= org.fungo.fungolive:id/iv_ad_close
INFO : [yuntuTVTest] <2017-09-21 17:04:44>  :开始在HashMap查找页面元素...
INFO : [yuntuTVTest] <2017-09-21 17:04:44>  :key= featuredChannel value= 特色
INFO : [yuntuTVTest] <2017-09-21 17:04:44>  :开始在HashMap查找页面元素...
INFO : [yuntuTVTest] <2017-09-21 17:04:44>  :key= mineButton value= //android.widget.TextView[contains(@text,'我')]
INFO : [yuntuTVTest] <2017-09-21 17:04:44>  :开始在HashMap查找页面元素...
INFO : [yuntuTVTest] <2017-09-21 17:04:44>  :key= inputButton value= org.fungo.fungolive:id/edittext_search
INFO : [yuntuTVTest] <2017-09-21 17:04:44>  :找到所需要的key，并返回该key的button类型和value...
INFO : [yuntuTVTest] <2017-09-21 17:04:44>  :在当前页面找到元素：By.id: org.fungo.fungolive:id/edittext_search
INFO : [yuntuTVTest] <2017-09-21 17:04:44>  :搜索框有内容，删除原来数据...
INFO : [yuntuTVTest] <2017-09-21 17:04:44>  :搜索框有内容，删除原来数据...
INFO : [yuntuTVTest] <2017-09-21 17:04:54>  :开始在HashMap查找页面元素...
INFO : [yuntuTVTest] <2017-09-21 17:04:54>  :key= searchButton value= org.fungo.fungolive:id/et_search
INFO : [yuntuTVTest] <2017-09-21 17:04:54>  :开始在HashMap查找页面元素...
INFO : [yuntuTVTest] <2017-09-21 17:04:54>  :key= cancel_search value= org.fungo.fungolive:id/cancel_search
INFO : [yuntuTVTest] <2017-09-21 17:04:54>  :开始在HashMap查找页面元素...
INFO : [yuntuTVTest] <2017-09-21 17:04:54>  :key= movie value= 影视
INFO : [yuntuTVTest] <2017-09-21 17:04:54>  :开始在HashMap查找页面元素...
INFO : [yuntuTVTest] <2017-09-21 17:04:54>  :key= ad_openButton value= org.fungo.fungolive:id/tv_ad_single_content
INFO : [yuntuTVTest] <2017-09-21 17:04:54>  :开始在HashMap查找页面元素...
INFO : [yuntuTVTest] <2017-09-21 17:04:54>  :key= sportsTV value= 体育
INFO : [yuntuTVTest] <2017-09-21 17:04:54>  :开始在HashMap查找页面元素...
INFO : [yuntuTVTest] <2017-09-21 17:04:54>  :key= localTV value= 地方
INFO : [yuntuTVTest] <2017-09-21 17:04:54>  :开始在HashMap查找页面元素...
INFO : [yuntuTVTest] <2017-09-21 17:04:54>  :key= skyButton value= //android.widget.TextView[contains(@text,'天空之城')]
INFO : [yuntuTVTest] <2017-09-21 17:04:54>  :开始在HashMap查找页面元素...
INFO : [yuntuTVTest] <2017-09-21 17:04:54>  :key= search_title_name value= org.fungo.fungolive:id/search_title_name
INFO : [yuntuTVTest] <2017-09-21 17:04:54>  :找到所需要的key，并返回该key的button类型和value...
INFO : [yuntuTVTest] <2017-09-21 17:04:55>  :跳到播放页成功...播放15s
INFO : [yuntuTVTest] <2017-09-21 17:05:11>  :返回搜索页
INFO : [yuntuTVTest] <2017-09-21 17:05:13>  :开始在HashMap查找页面元素...
INFO : [yuntuTVTest] <2017-09-21 17:05:13>  :key= searchButton value= org.fungo.fungolive:id/et_search
INFO : [yuntuTVTest] <2017-09-21 17:05:13>  :开始在HashMap查找页面元素...
INFO : [yuntuTVTest] <2017-09-21 17:05:13>  :key= cancel_search value= org.fungo.fungolive:id/cancel_search
INFO : [yuntuTVTest] <2017-09-21 17:05:13>  :找到所需要的key，并返回该key的button类型和value...
INFO : [yuntuTVTest] <2017-09-21 17:05:13>  :在当前页面找到元素：By.id: org.fungo.fungolive:id/cancel_search
INFO : [yuntuTVTest] <2017-09-21 17:05:23>  :开始在HashMap查找页面元素...
INFO : [yuntuTVTest] <2017-09-21 17:05:23>  :key= searchButton value= org.fungo.fungolive:id/et_search
INFO : [yuntuTVTest] <2017-09-21 17:05:23>  :找到所需要的key，并返回该key的button类型和value...
INFO : [yuntuTVTest] <2017-09-21 17:05:23>  :在当前页面找到元素：By.id: org.fungo.fungolive:id/et_search
INFO : [yuntuTVTest] <2017-09-21 17:05:23>  :开始在HashMap查找页面元素...
INFO : [yuntuTVTest] <2017-09-21 17:05:23>  :key= searchButton value= org.fungo.fungolive:id/et_search
INFO : [yuntuTVTest] <2017-09-21 17:05:23>  :开始在HashMap查找页面元素...
INFO : [yuntuTVTest] <2017-09-21 17:05:23>  :key= cancel_search value= org.fungo.fungolive:id/cancel_search
INFO : [yuntuTVTest] <2017-09-21 17:05:23>  :开始在HashMap查找页面元素...
INFO : [yuntuTVTest] <2017-09-21 17:05:23>  :key= movie value= 影视
INFO : [yuntuTVTest] <2017-09-21 17:05:23>  :开始在HashMap查找页面元素...
INFO : [yuntuTVTest] <2017-09-21 17:05:23>  :key= ad_openButton value= org.fungo.fungolive:id/tv_ad_single_content
INFO : [yuntuTVTest] <2017-09-21 17:05:23>  :开始在HashMap查找页面元素...
INFO : [yuntuTVTest] <2017-09-21 17:05:23>  :key= sportsTV value= 体育
INFO : [yuntuTVTest] <2017-09-21 17:05:23>  :开始在HashMap查找页面元素...
INFO : [yuntuTVTest] <2017-09-21 17:05:23>  :key= localTV value= 地方
INFO : [yuntuTVTest] <2017-09-21 17:05:23>  :开始在HashMap查找页面元素...
INFO : [yuntuTVTest] <2017-09-21 17:05:23>  :key= skyButton value= //android.widget.TextView[contains(@text,'天空之城')]
INFO : [yuntuTVTest] <2017-09-21 17:05:23>  :开始在HashMap查找页面元素...
INFO : [yuntuTVTest] <2017-09-21 17:05:23>  :key= search_title_name value= org.fungo.fungolive:id/search_title_name
INFO : [yuntuTVTest] <2017-09-21 17:05:23>  :开始在HashMap查找页面元素...
INFO : [yuntuTVTest] <2017-09-21 17:05:23>  :key= no_search_result value= android.widget.TextView
INFO : [yuntuTVTest] <2017-09-21 17:05:23>  :开始在HashMap查找页面元素...
INFO : [yuntuTVTest] <2017-09-21 17:05:23>  :key= earse_search value= org.fungo.fungolive:id/earse_search
INFO : [yuntuTVTest] <2017-09-21 17:05:23>  :开始在HashMap查找页面元素...
INFO : [yuntuTVTest] <2017-09-21 17:05:23>  :key= hot_search value= org.fungo.fungolive:id/search_word
INFO : [yuntuTVTest] <2017-09-21 17:05:23>  :开始在HashMap查找页面元素...
INFO : [yuntuTVTest] <2017-09-21 17:05:23>  :key= ad_closeButton value= org.fungo.fungolive:id/iv_ad_close
INFO : [yuntuTVTest] <2017-09-21 17:05:23>  :开始在HashMap查找页面元素...
INFO : [yuntuTVTest] <2017-09-21 17:05:23>  :key= featuredChannel value= 特色
INFO : [yuntuTVTest] <2017-09-21 17:05:23>  :开始在HashMap查找页面元素...
INFO : [yuntuTVTest] <2017-09-21 17:05:23>  :key= mineButton value= //android.widget.TextView[contains(@text,'我')]
INFO : [yuntuTVTest] <2017-09-21 17:05:23>  :开始在HashMap查找页面元素...
INFO : [yuntuTVTest] <2017-09-21 17:05:23>  :key= inputButton value= org.fungo.fungolive:id/edittext_search
INFO : [yuntuTVTest] <2017-09-21 17:05:23>  :找到所需要的key，并返回该key的button类型和value...
INFO : [yuntuTVTest] <2017-09-21 17:05:25>  :在当前页面找到元素：By.id: org.fungo.fungolive:id/edittext_search
INFO : [yuntuTVTest] <2017-09-21 17:05:25>  :搜索框有内容，删除原来数据...
INFO : [yuntuTVTest] <2017-09-21 17:05:26>  :搜索框有内容，删除原来数据...
INFO : [yuntuTVTest] <2017-09-21 17:05:26>  :搜索框有内容，删除原来数据...
INFO : [yuntuTVTest] <2017-09-21 17:05:26>  :搜索框有内容，删除原来数据...
INFO : [yuntuTVTest] <2017-09-21 17:05:26>  :搜索框有内容，删除原来数据...
INFO : [yuntuTVTest] <2017-09-21 17:05:26>  :搜索框有内容，删除原来数据...
INFO : [yuntuTVTest] <2017-09-21 17:05:26>  :搜索框有内容，删除原来数据...
INFO : [yuntuTVTest] <2017-09-21 17:05:26>  :搜索框有内容，删除原来数据...
INFO : [yuntuTVTest] <2017-09-21 17:05:33>  :开始在HashMap查找页面元素...
INFO : [yuntuTVTest] <2017-09-21 17:05:33>  :key= searchButton value= org.fungo.fungolive:id/et_search
INFO : [yuntuTVTest] <2017-09-21 17:05:33>  :开始在HashMap查找页面元素...
INFO : [yuntuTVTest] <2017-09-21 17:05:33>  :key= cancel_search value= org.fungo.fungolive:id/cancel_search
INFO : [yuntuTVTest] <2017-09-21 17:05:33>  :开始在HashMap查找页面元素...
INFO : [yuntuTVTest] <2017-09-21 17:05:33>  :key= movie value= 影视
INFO : [yuntuTVTest] <2017-09-21 17:05:33>  :开始在HashMap查找页面元素...
INFO : [yuntuTVTest] <2017-09-21 17:05:33>  :key= ad_openButton value= org.fungo.fungolive:id/tv_ad_single_content
INFO : [yuntuTVTest] <2017-09-21 17:05:33>  :开始在HashMap查找页面元素...
INFO : [yuntuTVTest] <2017-09-21 17:05:33>  :key= sportsTV value= 体育
INFO : [yuntuTVTest] <2017-09-21 17:05:33>  :开始在HashMap查找页面元素...
INFO : [yuntuTVTest] <2017-09-21 17:05:33>  :key= localTV value= 地方
INFO : [yuntuTVTest] <2017-09-21 17:05:33>  :开始在HashMap查找页面元素...
INFO : [yuntuTVTest] <2017-09-21 17:05:33>  :key= skyButton value= //android.widget.TextView[contains(@text,'天空之城')]
INFO : [yuntuTVTest] <2017-09-21 17:05:33>  :开始在HashMap查找页面元素...
INFO : [yuntuTVTest] <2017-09-21 17:05:33>  :key= search_title_name value= org.fungo.fungolive:id/search_title_name
INFO : [yuntuTVTest] <2017-09-21 17:05:33>  :开始在HashMap查找页面元素...
INFO : [yuntuTVTest] <2017-09-21 17:05:33>  :key= no_search_result value= android.widget.TextView
INFO : [yuntuTVTest] <2017-09-21 17:05:33>  :开始在HashMap查找页面元素...
INFO : [yuntuTVTest] <2017-09-21 17:05:33>  :key= earse_search value= org.fungo.fungolive:id/earse_search
INFO : [yuntuTVTest] <2017-09-21 17:05:33>  :开始在HashMap查找页面元素...
INFO : [yuntuTVTest] <2017-09-21 17:05:33>  :key= hot_search value= org.fungo.fungolive:id/search_word
INFO : [yuntuTVTest] <2017-09-21 17:05:33>  :找到所需要的key，并返回该key的button类型和value...
INFO : [yuntuTVTest] <2017-09-21 17:05:39>  :搜索测试开始...
INFO : [yuntuTVTest] <2017-09-21 17:05:44>  :开始在HashMap查找页面元素...
INFO : [yuntuTVTest] <2017-09-21 17:05:44>  :key= searchButton value= org.fungo.fungolive:id/et_search
INFO : [yuntuTVTest] <2017-09-21 17:05:44>  :开始在HashMap查找页面元素...
INFO : [yuntuTVTest] <2017-09-21 17:05:44>  :key= cancel_search value= org.fungo.fungolive:id/cancel_search
INFO : [yuntuTVTest] <2017-09-21 17:05:44>  :开始在HashMap查找页面元素...
INFO : [yuntuTVTest] <2017-09-21 17:05:44>  :key= movie value= 影视
INFO : [yuntuTVTest] <2017-09-21 17:05:44>  :开始在HashMap查找页面元素...
INFO : [yuntuTVTest] <2017-09-21 17:05:44>  :key= ad_openButton value= org.fungo.fungolive:id/tv_ad_single_content
INFO : [yuntuTVTest] <2017-09-21 17:05:44>  :开始在HashMap查找页面元素...
INFO : [yuntuTVTest] <2017-09-21 17:05:44>  :key= sportsTV value= 体育
INFO : [yuntuTVTest] <2017-09-21 17:05:44>  :开始在HashMap查找页面元素...
INFO : [yuntuTVTest] <2017-09-21 17:05:44>  :key= localTV value= 地方
INFO : [yuntuTVTest] <2017-09-21 17:05:44>  :开始在HashMap查找页面元素...
INFO : [yuntuTVTest] <2017-09-21 17:05:44>  :key= skyButton value= //android.widget.TextView[contains(@text,'天空之城')]
INFO : [yuntuTVTest] <2017-09-21 17:05:44>  :开始在HashMap查找页面元素...
INFO : [yuntuTVTest] <2017-09-21 17:05:44>  :key= search_title_name value= org.fungo.fungolive:id/search_title_name
INFO : [yuntuTVTest] <2017-09-21 17:05:44>  :开始在HashMap查找页面元素...
INFO : [yuntuTVTest] <2017-09-21 17:05:44>  :key= no_search_result value= android.widget.TextView
INFO : [yuntuTVTest] <2017-09-21 17:05:44>  :开始在HashMap查找页面元素...
INFO : [yuntuTVTest] <2017-09-21 17:05:44>  :key= earse_search value= org.fungo.fungolive:id/earse_search
INFO : [yuntuTVTest] <2017-09-21 17:05:44>  :开始在HashMap查找页面元素...
INFO : [yuntuTVTest] <2017-09-21 17:05:44>  :key= hot_search value= org.fungo.fungolive:id/search_word
INFO : [yuntuTVTest] <2017-09-21 17:05:44>  :开始在HashMap查找页面元素...
INFO : [yuntuTVTest] <2017-09-21 17:05:44>  :key= ad_closeButton value= org.fungo.fungolive:id/iv_ad_close
INFO : [yuntuTVTest] <2017-09-21 17:05:44>  :开始在HashMap查找页面元素...
INFO : [yuntuTVTest] <2017-09-21 17:05:44>  :key= featuredChannel value= 特色
INFO : [yuntuTVTest] <2017-09-21 17:05:44>  :开始在HashMap查找页面元素...
INFO : [yuntuTVTest] <2017-09-21 17:05:44>  :key= mineButton value= //android.widget.TextView[contains(@text,'我')]
INFO : [yuntuTVTest] <2017-09-21 17:05:44>  :开始在HashMap查找页面元素...
INFO : [yuntuTVTest] <2017-09-21 17:05:44>  :key= inputButton value= org.fungo.fungolive:id/edittext_search
INFO : [yuntuTVTest] <2017-09-21 17:05:44>  :找到所需要的key，并返回该key的button类型和value...
INFO : [yuntuTVTest] <2017-09-21 17:05:44>  :在当前页面找到元素：By.id: org.fungo.fungolive:id/edittext_search
INFO : [yuntuTVTest] <2017-09-21 17:05:44>  :搜索框有内容，删除原来数据...
INFO : [yuntuTVTest] <2017-09-21 17:05:44>  :搜索框有内容，删除原来数据...
INFO : [yuntuTVTest] <2017-09-21 17:05:44>  :搜索框有内容，删除原来数据...
INFO : [yuntuTVTest] <2017-09-21 17:05:44>  :搜索框有内容，删除原来数据...
INFO : [yuntuTVTest] <2017-09-21 17:05:44>  :搜索框有内容，删除原来数据...
INFO : [yuntuTVTest] <2017-09-21 17:05:44>  :搜索框有内容，删除原来数据...
INFO : [yuntuTVTest] <2017-09-21 17:05:44>  :搜索框有内容，删除原来数据...
INFO : [yuntuTVTest] <2017-09-21 17:05:44>  :搜索框有内容，删除原来数据...
INFO : [yuntuTVTest] <2017-09-21 17:05:53>  :开始在HashMap查找页面元素...
INFO : [yuntuTVTest] <2017-09-21 17:05:53>  :key= searchButton value= org.fungo.fungolive:id/et_search
INFO : [yuntuTVTest] <2017-09-21 17:05:53>  :开始在HashMap查找页面元素...
INFO : [yuntuTVTest] <2017-09-21 17:05:53>  :key= cancel_search value= org.fungo.fungolive:id/cancel_search
INFO : [yuntuTVTest] <2017-09-21 17:05:53>  :开始在HashMap查找页面元素...
INFO : [yuntuTVTest] <2017-09-21 17:05:53>  :key= movie value= 影视
INFO : [yuntuTVTest] <2017-09-21 17:05:53>  :开始在HashMap查找页面元素...
INFO : [yuntuTVTest] <2017-09-21 17:05:53>  :key= ad_openButton value= org.fungo.fungolive:id/tv_ad_single_content
INFO : [yuntuTVTest] <2017-09-21 17:05:53>  :开始在HashMap查找页面元素...
INFO : [yuntuTVTest] <2017-09-21 17:05:53>  :key= sportsTV value= 体育
INFO : [yuntuTVTest] <2017-09-21 17:05:53>  :开始在HashMap查找页面元素...
INFO : [yuntuTVTest] <2017-09-21 17:05:53>  :key= localTV value= 地方
INFO : [yuntuTVTest] <2017-09-21 17:05:53>  :开始在HashMap查找页面元素...
INFO : [yuntuTVTest] <2017-09-21 17:05:53>  :key= skyButton value= //android.widget.TextView[contains(@text,'天空之城')]
INFO : [yuntuTVTest] <2017-09-21 17:05:53>  :开始在HashMap查找页面元素...
INFO : [yuntuTVTest] <2017-09-21 17:05:53>  :key= search_title_name value= org.fungo.fungolive:id/search_title_name
INFO : [yuntuTVTest] <2017-09-21 17:05:53>  :找到所需要的key，并返回该key的button类型和value...
INFO : [yuntuTVTest] <2017-09-21 17:05:58>  :搜索测试开始...
INFO : [yuntuTVTest] <2017-09-21 17:06:03>  :开始在HashMap查找页面元素...
INFO : [yuntuTVTest] <2017-09-21 17:06:03>  :key= searchButton value= org.fungo.fungolive:id/et_search
INFO : [yuntuTVTest] <2017-09-21 17:06:03>  :开始在HashMap查找页面元素...
INFO : [yuntuTVTest] <2017-09-21 17:06:03>  :key= cancel_search value= org.fungo.fungolive:id/cancel_search
INFO : [yuntuTVTest] <2017-09-21 17:06:03>  :开始在HashMap查找页面元素...
INFO : [yuntuTVTest] <2017-09-21 17:06:03>  :key= movie value= 影视
INFO : [yuntuTVTest] <2017-09-21 17:06:03>  :开始在HashMap查找页面元素...
INFO : [yuntuTVTest] <2017-09-21 17:06:03>  :key= ad_openButton value= org.fungo.fungolive:id/tv_ad_single_content
INFO : [yuntuTVTest] <2017-09-21 17:06:03>  :开始在HashMap查找页面元素...
INFO : [yuntuTVTest] <2017-09-21 17:06:03>  :key= sportsTV value= 体育
INFO : [yuntuTVTest] <2017-09-21 17:06:03>  :开始在HashMap查找页面元素...
INFO : [yuntuTVTest] <2017-09-21 17:06:03>  :key= localTV value= 地方
INFO : [yuntuTVTest] <2017-09-21 17:06:03>  :开始在HashMap查找页面元素...
INFO : [yuntuTVTest] <2017-09-21 17:06:03>  :key= skyButton value= //android.widget.TextView[contains(@text,'天空之城')]
INFO : [yuntuTVTest] <2017-09-21 17:06:03>  :开始在HashMap查找页面元素...
INFO : [yuntuTVTest] <2017-09-21 17:06:03>  :key= search_title_name value= org.fungo.fungolive:id/search_title_name
INFO : [yuntuTVTest] <2017-09-21 17:06:03>  :开始在HashMap查找页面元素...
INFO : [yuntuTVTest] <2017-09-21 17:06:03>  :key= no_search_result value= android.widget.TextView
INFO : [yuntuTVTest] <2017-09-21 17:06:03>  :开始在HashMap查找页面元素...
INFO : [yuntuTVTest] <2017-09-21 17:06:03>  :key= earse_search value= org.fungo.fungolive:id/earse_search
INFO : [yuntuTVTest] <2017-09-21 17:06:03>  :开始在HashMap查找页面元素...
INFO : [yuntuTVTest] <2017-09-21 17:06:03>  :key= hot_search value= org.fungo.fungolive:id/search_word
INFO : [yuntuTVTest] <2017-09-21 17:06:03>  :开始在HashMap查找页面元素...
INFO : [yuntuTVTest] <2017-09-21 17:06:03>  :key= ad_closeButton value= org.fungo.fungolive:id/iv_ad_close
INFO : [yuntuTVTest] <2017-09-21 17:06:03>  :开始在HashMap查找页面元素...
INFO : [yuntuTVTest] <2017-09-21 17:06:03>  :key= featuredChannel value= 特色
INFO : [yuntuTVTest] <2017-09-21 17:06:03>  :开始在HashMap查找页面元素...
INFO : [yuntuTVTest] <2017-09-21 17:06:03>  :key= mineButton value= //android.widget.TextView[contains(@text,'我')]
INFO : [yuntuTVTest] <2017-09-21 17:06:03>  :开始在HashMap查找页面元素...
INFO : [yuntuTVTest] <2017-09-21 17:06:03>  :key= inputButton value= org.fungo.fungolive:id/edittext_search
INFO : [yuntuTVTest] <2017-09-21 17:06:03>  :找到所需要的key，并返回该key的button类型和value...
INFO : [yuntuTVTest] <2017-09-21 17:06:03>  :在当前页面找到元素：By.id: org.fungo.fungolive:id/edittext_search
INFO : [yuntuTVTest] <2017-09-21 17:06:03>  :搜索框有内容，删除原来数据...
INFO : [yuntuTVTest] <2017-09-21 17:06:03>  :搜索框有内容，删除原来数据...
INFO : [yuntuTVTest] <2017-09-21 17:06:14>  :开始在HashMap查找页面元素...
INFO : [yuntuTVTest] <2017-09-21 17:06:14>  :key= searchButton value= org.fungo.fungolive:id/et_search
INFO : [yuntuTVTest] <2017-09-21 17:06:14>  :开始在HashMap查找页面元素...
INFO : [yuntuTVTest] <2017-09-21 17:06:14>  :key= cancel_search value= org.fungo.fungolive:id/cancel_search
INFO : [yuntuTVTest] <2017-09-21 17:06:14>  :开始在HashMap查找页面元素...
INFO : [yuntuTVTest] <2017-09-21 17:06:14>  :key= movie value= 影视
INFO : [yuntuTVTest] <2017-09-21 17:06:14>  :开始在HashMap查找页面元素...
INFO : [yuntuTVTest] <2017-09-21 17:06:14>  :key= ad_openButton value= org.fungo.fungolive:id/tv_ad_single_content
INFO : [yuntuTVTest] <2017-09-21 17:06:14>  :开始在HashMap查找页面元素...
INFO : [yuntuTVTest] <2017-09-21 17:06:14>  :key= sportsTV value= 体育
INFO : [yuntuTVTest] <2017-09-21 17:06:14>  :开始在HashMap查找页面元素...
INFO : [yuntuTVTest] <2017-09-21 17:06:14>  :key= localTV value= 地方
INFO : [yuntuTVTest] <2017-09-21 17:06:14>  :开始在HashMap查找页面元素...
INFO : [yuntuTVTest] <2017-09-21 17:06:14>  :key= skyButton value= //android.widget.TextView[contains(@text,'天空之城')]
INFO : [yuntuTVTest] <2017-09-21 17:06:14>  :开始在HashMap查找页面元素...
INFO : [yuntuTVTest] <2017-09-21 17:06:14>  :key= search_title_name value= org.fungo.fungolive:id/search_title_name
INFO : [yuntuTVTest] <2017-09-21 17:06:14>  :开始在HashMap查找页面元素...
INFO : [yuntuTVTest] <2017-09-21 17:06:14>  :key= no_search_result value= android.widget.TextView
INFO : [yuntuTVTest] <2017-09-21 17:06:14>  :找到所需要的key，并返回该key的button类型和value...
INFO : [yuntuTVTest] <2017-09-21 17:06:34>  :热门搜索测试开始...
INFO : [yuntuTVTest] <2017-09-21 17:06:39>  :开始在HashMap查找页面元素...
INFO : [yuntuTVTest] <2017-09-21 17:06:39>  :key= searchButton value= org.fungo.fungolive:id/et_search
INFO : [yuntuTVTest] <2017-09-21 17:06:39>  :开始在HashMap查找页面元素...
INFO : [yuntuTVTest] <2017-09-21 17:06:39>  :key= cancel_search value= org.fungo.fungolive:id/cancel_search
INFO : [yuntuTVTest] <2017-09-21 17:06:39>  :开始在HashMap查找页面元素...
INFO : [yuntuTVTest] <2017-09-21 17:06:39>  :key= movie value= 影视
INFO : [yuntuTVTest] <2017-09-21 17:06:39>  :开始在HashMap查找页面元素...
INFO : [yuntuTVTest] <2017-09-21 17:06:39>  :key= ad_openButton value= org.fungo.fungolive:id/tv_ad_single_content
INFO : [yuntuTVTest] <2017-09-21 17:06:39>  :开始在HashMap查找页面元素...
INFO : [yuntuTVTest] <2017-09-21 17:06:39>  :key= sportsTV value= 体育
INFO : [yuntuTVTest] <2017-09-21 17:06:39>  :开始在HashMap查找页面元素...
INFO : [yuntuTVTest] <2017-09-21 17:06:39>  :key= localTV value= 地方
INFO : [yuntuTVTest] <2017-09-21 17:06:39>  :开始在HashMap查找页面元素...
INFO : [yuntuTVTest] <2017-09-21 17:06:39>  :key= skyButton value= //android.widget.TextView[contains(@text,'天空之城')]
INFO : [yuntuTVTest] <2017-09-21 17:06:39>  :开始在HashMap查找页面元素...
INFO : [yuntuTVTest] <2017-09-21 17:06:39>  :key= search_title_name value= org.fungo.fungolive:id/search_title_name
INFO : [yuntuTVTest] <2017-09-21 17:06:39>  :开始在HashMap查找页面元素...
INFO : [yuntuTVTest] <2017-09-21 17:06:39>  :key= no_search_result value= android.widget.TextView
INFO : [yuntuTVTest] <2017-09-21 17:06:39>  :开始在HashMap查找页面元素...
INFO : [yuntuTVTest] <2017-09-21 17:06:39>  :key= earse_search value= org.fungo.fungolive:id/earse_search
INFO : [yuntuTVTest] <2017-09-21 17:06:39>  :开始在HashMap查找页面元素...
INFO : [yuntuTVTest] <2017-09-21 17:06:39>  :key= hot_search value= org.fungo.fungolive:id/search_word
INFO : [yuntuTVTest] <2017-09-21 17:06:39>  :开始在HashMap查找页面元素...
INFO : [yuntuTVTest] <2017-09-21 17:06:39>  :key= ad_closeButton value= org.fungo.fungolive:id/iv_ad_close
INFO : [yuntuTVTest] <2017-09-21 17:06:39>  :开始在HashMap查找页面元素...
INFO : [yuntuTVTest] <2017-09-21 17:06:39>  :key= featuredChannel value= 特色
INFO : [yuntuTVTest] <2017-09-21 17:06:39>  :开始在HashMap查找页面元素...
INFO : [yuntuTVTest] <2017-09-21 17:06:39>  :key= mineButton value= //android.widget.TextView[contains(@text,'我')]
INFO : [yuntuTVTest] <2017-09-21 17:06:39>  :开始在HashMap查找页面元素...
INFO : [yuntuTVTest] <2017-09-21 17:06:39>  :key= inputButton value= org.fungo.fungolive:id/edittext_search
INFO : [yuntuTVTest] <2017-09-21 17:06:39>  :找到所需要的key，并返回该key的button类型和value...
INFO : [yuntuTVTest] <2017-09-21 17:06:39>  :在当前页面找到元素：By.id: org.fungo.fungolive:id/edittext_search
INFO : [yuntuTVTest] <2017-09-21 17:06:39>  :搜索框有内容，删除原来数据...
INFO : [yuntuTVTest] <2017-09-21 17:06:40>  :搜索框有内容，删除原来数据...
INFO : [yuntuTVTest] <2017-09-21 17:06:48>  :开始在HashMap查找页面元素...
INFO : [yuntuTVTest] <2017-09-21 17:06:48>  :key= searchButton value= org.fungo.fungolive:id/et_search
INFO : [yuntuTVTest] <2017-09-21 17:06:48>  :开始在HashMap查找页面元素...
INFO : [yuntuTVTest] <2017-09-21 17:06:48>  :key= cancel_search value= org.fungo.fungolive:id/cancel_search
INFO : [yuntuTVTest] <2017-09-21 17:06:48>  :开始在HashMap查找页面元素...
INFO : [yuntuTVTest] <2017-09-21 17:06:48>  :key= movie value= 影视
INFO : [yuntuTVTest] <2017-09-21 17:06:48>  :开始在HashMap查找页面元素...
INFO : [yuntuTVTest] <2017-09-21 17:06:48>  :key= ad_openButton value= org.fungo.fungolive:id/tv_ad_single_content
INFO : [yuntuTVTest] <2017-09-21 17:06:48>  :开始在HashMap查找页面元素...
INFO : [yuntuTVTest] <2017-09-21 17:06:48>  :key= sportsTV value= 体育
INFO : [yuntuTVTest] <2017-09-21 17:06:48>  :开始在HashMap查找页面元素...
INFO : [yuntuTVTest] <2017-09-21 17:06:48>  :key= localTV value= 地方
INFO : [yuntuTVTest] <2017-09-21 17:06:48>  :开始在HashMap查找页面元素...
INFO : [yuntuTVTest] <2017-09-21 17:06:48>  :key= skyButton value= //android.widget.TextView[contains(@text,'天空之城')]
INFO : [yuntuTVTest] <2017-09-21 17:06:48>  :开始在HashMap查找页面元素...
INFO : [yuntuTVTest] <2017-09-21 17:06:48>  :key= search_title_name value= org.fungo.fungolive:id/search_title_name
INFO : [yuntuTVTest] <2017-09-21 17:06:48>  :开始在HashMap查找页面元素...
INFO : [yuntuTVTest] <2017-09-21 17:06:48>  :key= no_search_result value= android.widget.TextView
INFO : [yuntuTVTest] <2017-09-21 17:06:48>  :开始在HashMap查找页面元素...
INFO : [yuntuTVTest] <2017-09-21 17:06:48>  :key= earse_search value= org.fungo.fungolive:id/earse_search
INFO : [yuntuTVTest] <2017-09-21 17:06:48>  :开始在HashMap查找页面元素...
INFO : [yuntuTVTest] <2017-09-21 17:06:48>  :key= hot_search value= org.fungo.fungolive:id/search_word
INFO : [yuntuTVTest] <2017-09-21 17:06:48>  :找到所需要的key，并返回该key的button类型和value...
INFO : [yuntuTVTest] <2017-09-21 17:06:51>  :开始在HashMap查找页面元素...
INFO : [yuntuTVTest] <2017-09-21 17:06:51>  :key= searchButton value= org.fungo.fungolive:id/et_search
INFO : [yuntuTVTest] <2017-09-21 17:06:51>  :开始在HashMap查找页面元素...
INFO : [yuntuTVTest] <2017-09-21 17:06:51>  :key= cancel_search value= org.fungo.fungolive:id/cancel_search
INFO : [yuntuTVTest] <2017-09-21 17:06:51>  :找到所需要的key，并返回该key的button类型和value...
INFO : [yuntuTVTest] <2017-09-21 17:06:51>  :在当前页面找到元素：By.id: org.fungo.fungolive:id/cancel_search
INFO : [yuntuTVTest] <2017-09-21 17:06:53>  :播放测试开始...
INFO : [yuntuTVTest] <2017-09-21 17:06:58>  :开始在HashMap查找页面元素...
INFO : [yuntuTVTest] <2017-09-21 17:06:58>  :key= searchButton value= org.fungo.fungolive:id/et_search
INFO : [yuntuTVTest] <2017-09-21 17:06:58>  :找到所需要的key，并返回该key的button类型和value...
INFO : [yuntuTVTest] <2017-09-21 17:06:58>  :在当前页面找到元素：By.id: org.fungo.fungolive:id/et_search
INFO : [yuntuTVTest] <2017-09-21 17:06:59>  :开始在HashMap查找页面元素...
INFO : [yuntuTVTest] <2017-09-21 17:06:59>  :key= searchButton value= org.fungo.fungolive:id/et_search
INFO : [yuntuTVTest] <2017-09-21 17:06:59>  :开始在HashMap查找页面元素...
INFO : [yuntuTVTest] <2017-09-21 17:06:59>  :key= cancel_search value= org.fungo.fungolive:id/cancel_search
INFO : [yuntuTVTest] <2017-09-21 17:06:59>  :开始在HashMap查找页面元素...
INFO : [yuntuTVTest] <2017-09-21 17:06:59>  :key= movie value= 影视
INFO : [yuntuTVTest] <2017-09-21 17:06:59>  :开始在HashMap查找页面元素...
INFO : [yuntuTVTest] <2017-09-21 17:06:59>  :key= ad_openButton value= org.fungo.fungolive:id/tv_ad_single_content
INFO : [yuntuTVTest] <2017-09-21 17:06:59>  :开始在HashMap查找页面元素...
INFO : [yuntuTVTest] <2017-09-21 17:06:59>  :key= sportsTV value= 体育
INFO : [yuntuTVTest] <2017-09-21 17:06:59>  :开始在HashMap查找页面元素...
INFO : [yuntuTVTest] <2017-09-21 17:06:59>  :key= localTV value= 地方
INFO : [yuntuTVTest] <2017-09-21 17:06:59>  :开始在HashMap查找页面元素...
INFO : [yuntuTVTest] <2017-09-21 17:06:59>  :key= skyButton value= //android.widget.TextView[contains(@text,'天空之城')]
INFO : [yuntuTVTest] <2017-09-21 17:06:59>  :开始在HashMap查找页面元素...
INFO : [yuntuTVTest] <2017-09-21 17:06:59>  :key= search_title_name value= org.fungo.fungolive:id/search_title_name
INFO : [yuntuTVTest] <2017-09-21 17:06:59>  :开始在HashMap查找页面元素...
INFO : [yuntuTVTest] <2017-09-21 17:06:59>  :key= no_search_result value= android.widget.TextView
INFO : [yuntuTVTest] <2017-09-21 17:06:59>  :开始在HashMap查找页面元素...
INFO : [yuntuTVTest] <2017-09-21 17:06:59>  :key= earse_search value= org.fungo.fungolive:id/earse_search
INFO : [yuntuTVTest] <2017-09-21 17:06:59>  :开始在HashMap查找页面元素...
INFO : [yuntuTVTest] <2017-09-21 17:06:59>  :key= hot_search value= org.fungo.fungolive:id/search_word
INFO : [yuntuTVTest] <2017-09-21 17:06:59>  :开始在HashMap查找页面元素...
INFO : [yuntuTVTest] <2017-09-21 17:06:59>  :key= ad_closeButton value= org.fungo.fungolive:id/iv_ad_close
INFO : [yuntuTVTest] <2017-09-21 17:06:59>  :开始在HashMap查找页面元素...
INFO : [yuntuTVTest] <2017-09-21 17:06:59>  :key= featuredChannel value= 特色
INFO : [yuntuTVTest] <2017-09-21 17:06:59>  :开始在HashMap查找页面元素...
INFO : [yuntuTVTest] <2017-09-21 17:06:59>  :key= mineButton value= //android.widget.TextView[contains(@text,'我')]
INFO : [yuntuTVTest] <2017-09-21 17:06:59>  :开始在HashMap查找页面元素...
INFO : [yuntuTVTest] <2017-09-21 17:06:59>  :key= inputButton value= org.fungo.fungolive:id/edittext_search
INFO : [yuntuTVTest] <2017-09-21 17:06:59>  :找到所需要的key，并返回该key的button类型和value...
INFO : [yuntuTVTest] <2017-09-21 17:07:00>  :在当前页面找到元素：By.id: org.fungo.fungolive:id/edittext_search
INFO : [yuntuTVTest] <2017-09-21 17:07:01>  :搜索框有内容，删除原来数据...
INFO : [yuntuTVTest] <2017-09-21 17:07:01>  :搜索框有内容，删除原来数据...
INFO : [yuntuTVTest] <2017-09-21 17:07:01>  :搜索框有内容，删除原来数据...
INFO : [yuntuTVTest] <2017-09-21 17:07:01>  :搜索框有内容，删除原来数据...
INFO : [yuntuTVTest] <2017-09-21 17:07:01>  :搜索框有内容，删除原来数据...
INFO : [yuntuTVTest] <2017-09-21 17:07:01>  :搜索框有内容，删除原来数据...
INFO : [yuntuTVTest] <2017-09-21 17:07:01>  :搜索框有内容，删除原来数据...
INFO : [yuntuTVTest] <2017-09-21 17:07:01>  :搜索框有内容，删除原来数据...
INFO : [yuntuTVTest] <2017-09-21 17:07:08>  :开始在HashMap查找页面元素...
INFO : [yuntuTVTest] <2017-09-21 17:07:08>  :key= searchButton value= org.fungo.fungolive:id/et_search
INFO : [yuntuTVTest] <2017-09-21 17:07:08>  :开始在HashMap查找页面元素...
INFO : [yuntuTVTest] <2017-09-21 17:07:08>  :key= cancel_search value= org.fungo.fungolive:id/cancel_search
INFO : [yuntuTVTest] <2017-09-21 17:07:08>  :开始在HashMap查找页面元素...
INFO : [yuntuTVTest] <2017-09-21 17:07:08>  :key= movie value= 影视
INFO : [yuntuTVTest] <2017-09-21 17:07:08>  :开始在HashMap查找页面元素...
INFO : [yuntuTVTest] <2017-09-21 17:07:08>  :key= ad_openButton value= org.fungo.fungolive:id/tv_ad_single_content
INFO : [yuntuTVTest] <2017-09-21 17:07:08>  :开始在HashMap查找页面元素...
INFO : [yuntuTVTest] <2017-09-21 17:07:08>  :key= sportsTV value= 体育
INFO : [yuntuTVTest] <2017-09-21 17:07:08>  :开始在HashMap查找页面元素...
INFO : [yuntuTVTest] <2017-09-21 17:07:08>  :key= localTV value= 地方
INFO : [yuntuTVTest] <2017-09-21 17:07:08>  :开始在HashMap查找页面元素...
INFO : [yuntuTVTest] <2017-09-21 17:07:08>  :key= skyButton value= //android.widget.TextView[contains(@text,'天空之城')]
INFO : [yuntuTVTest] <2017-09-21 17:07:08>  :开始在HashMap查找页面元素...
INFO : [yuntuTVTest] <2017-09-21 17:07:08>  :key= search_title_name value= org.fungo.fungolive:id/search_title_name
INFO : [yuntuTVTest] <2017-09-21 17:07:08>  :找到所需要的key，并返回该key的button类型和value...
INFO : [yuntuTVTest] <2017-09-21 17:07:17>  :测试完成...退出app
